# JRE version: OpenJDK Runtime Environment (17.0.9) (build 17.0.9+0--11185874)
# Java VM: OpenJDK 64-Bit Server VM (17.0.9+0--11185874, mixed mode, tiered, compressed oops, compressed class ptrs, g1 gc, windows-amd64)
GC Precious Log:
 CPUs: 12 total, 12 available
 Memory: 7896M
 Large Page Support: Disabled
 NUMA Support: Disabled
 Compressed Oops: Enabled (32-bit)
 Heap Region Size: 1M
 Heap Min Capacity: 256M
 Heap Initial Capacity: 256M
 Heap Max Capacity: 512M
 Pre-touch: Disabled
 Parallel Workers: 10
 Concurrent Workers: 3
 Concurrent Refinement Workers: 10
 Periodic GC: Disabled
Heap:
 garbage-first heap   total 262144K, used 57029K [0x00000000e0000000, 0x0000000100000000)
  region size 1024K, 48 young (49152K), 10 survivors (10240K)
 Metaspace       used 26717K, committed 26944K, reserved 278528K
  class space    used 3400K, committed 3520K, reserved 212992K
GC Heap History (8 events):
Event: 1.443 GC heap before
{Heap before GC invocations=0 (full 0):
 garbage-first heap   total 262144K, used 23552K [0x00000000e0000000, 0x0000000100000000)
  region size 1024K, 23 young (23552K), 0 survivors (0K)
 Metaspace       used 7722K, committed 7872K, reserved 278528K
  class space    used 670K, committed 704K, reserved 212992K
}
Event: 1.459 GC heap after
{Heap after GC invocations=1 (full 0):
 garbage-first heap   total 262144K, used 4363K [0x00000000e0000000, 0x0000000100000000)
  region size 1024K, 3 young (3072K), 3 survivors (3072K)
 Metaspace       used 7722K, committed 7872K, reserved 278528K
  class space    used 670K, committed 704K, reserved 212992K
}
Event: 3.430 GC heap before
{Heap before GC invocations=1 (full 0):
 garbage-first heap   total 262144K, used 40203K [0x00000000e0000000, 0x0000000100000000)
  region size 1024K, 35 young (35840K), 3 survivors (3072K)
 Metaspace       used 11816K, committed 11968K, reserved 278528K
  class space    used 1255K, committed 1344K, reserved 212992K
}
Event: 3.445 GC heap after
{Heap after GC invocations=2 (full 0):
 garbage-first heap   total 262144K, used 11393K [0x00000000e0000000, 0x0000000100000000)
  region size 1024K, 5 young (5120K), 5 survivors (5120K)
 Metaspace       used 11816K, committed 11968K, reserved 278528K
  class space    used 1255K, committed 1344K, reserved 212992K
}
Event: 4.514 GC heap before
{Heap before GC invocations=2 (full 0):
 garbage-first heap   total 262144K, used 54401K [0x00000000e0000000, 0x0000000100000000)
  region size 1024K, 45 young (46080K), 5 survivors (5120K)
 Metaspace       used 11946K, committed 12160K, reserved 278528K
  class space    used 1261K, committed 1344K, reserved 212992K
}
Event: 4.530 GC heap after
{Heap after GC invocations=3 (full 0):
 garbage-first heap   total 262144K, used 16073K [0x00000000e0000000, 0x0000000100000000)
  region size 1024K, 6 young (6144K), 6 survivors (6144K)
 Metaspace       used 11946K, committed 12160K, reserved 278528K
  class space    used 1261K, committed 1344K, reserved 212992K
}
Event: 7.563 GC heap before
{Heap before GC invocations=3 (full 0):
 garbage-first heap   total 262144K, used 54985K [0x00000000e0000000, 0x0000000100000000)
  region size 1024K, 45 young (46080K), 6 survivors (6144K)
 Metaspace       used 21300K, committed 21504K, reserved 278528K
  class space    used 2516K, committed 2624K, reserved 212992K
}
Event: 7.575 GC heap after
{Heap after GC invocations=4 (full 0):
 garbage-first heap   total 262144K, used 20165K [0x00000000e0000000, 0x0000000100000000)
  region size 1024K, 10 young (10240K), 10 survivors (10240K)
 Metaspace       used 21300K, committed 21504K, reserved 278528K
  class space    used 2516K, committed 2624K, reserved 212992K
}

