# JRE version: OpenJDK Runtime Environment (17.0.9) (build 17.0.9+0--11185874)
# Java VM: OpenJDK 64-Bit Server VM (17.0.9+0--11185874, mixed mode, tiered, compressed oops, compressed class ptrs, g1 gc, windows-amd64)
GC Precious Log:
 CPUs: 12 total, 12 available
 Memory: 7896M
 Large Page Support: Disabled
 NUMA Support: Disabled
 Compressed Oops: Enabled (Zero based)
 Heap Region Size: 4M
 Heap Min Capacity: 8M
 Heap Initial Capacity: 124M
 Heap Max Capacity: 8G
 Pre-touch: Disabled
 Parallel Workers: 10
 Concurrent Workers: 3
 Concurrent Refinement Workers: 10
 Periodic GC: Disabled
Heap:
 garbage-first heap   total 835584K, used 424802K [0x0000000600000000, 0x0000000800000000)
  region size 4096K, 47 young (192512K), 4 survivors (16384K)
 Metaspace       used 155895K, committed 156928K, reserved 1245184K
  class space    used 21471K, committed 21952K, reserved 1048576K
GC Heap History (20 events):
Event: 51.202 GC heap before
{Heap before GC invocations=47 (full 0):
 garbage-first heap   total 565248K, used 393216K [0x0000000600000000, 0x0000000800000000)
  region size 4096K, 54 young (221184K), 8 survivors (32768K)
 Metaspace       used 150612K, committed 151680K, reserved 1179648K
  class space    used 20919K, committed 21440K, reserved 1048576K
}
Event: 51.268 GC heap after
{Heap after GC invocations=48 (full 0):
 garbage-first heap   total 565248K, used 234739K [0x0000000600000000, 0x0000000800000000)
  region size 4096K, 7 young (28672K), 7 survivors (28672K)
 Metaspace       used 150612K, committed 151680K, reserved 1179648K
  class space    used 20919K, committed 21440K, reserved 1048576K
}
Event: 52.726 GC heap before
{Heap before GC invocations=48 (full 0):
 garbage-first heap   total 565248K, used 410867K [0x0000000600000000, 0x0000000800000000)
  region size 4096K, 50 young (204800K), 7 survivors (28672K)
 Metaspace       used 152026K, committed 153024K, reserved 1245184K
  class space    used 21123K, committed 21632K, reserved 1048576K
}
Event: 52.762 GC heap after
{Heap after GC invocations=49 (full 0):
 garbage-first heap   total 565248K, used 242389K [0x0000000600000000, 0x0000000800000000)
  region size 4096K, 2 young (8192K), 2 survivors (8192K)
 Metaspace       used 152026K, committed 153024K, reserved 1245184K
  class space    used 21123K, committed 21632K, reserved 1048576K
}
Event: 53.835 GC heap before
{Heap before GC invocations=49 (full 0):
 garbage-first heap   total 565248K, used 430805K [0x0000000600000000, 0x0000000800000000)
  region size 4096K, 48 young (196608K), 2 survivors (8192K)
 Metaspace       used 152377K, committed 153472K, reserved 1245184K
  class space    used 21131K, committed 21632K, reserved 1048576K
}
Event: 53.847 GC heap after
{Heap after GC invocations=50 (full 0):
 garbage-first heap   total 696320K, used 239822K [0x0000000600000000, 0x0000000800000000)
  region size 4096K, 1 young (4096K), 1 survivors (4096K)
 Metaspace       used 152377K, committed 153472K, reserved 1245184K
  class space    used 21131K, committed 21632K, reserved 1048576K
}
Event: 55.353 GC heap before
{Heap before GC invocations=50 (full 0):
 garbage-first heap   total 696320K, used 542926K [0x0000000600000000, 0x0000000800000000)
  region size 4096K, 75 young (307200K), 1 survivors (4096K)
 Metaspace       used 152952K, committed 153984K, reserved 1245184K
  class space    used 21140K, committed 21632K, reserved 1048576K
}
Event: 55.364 GC heap after
{Heap after GC invocations=51 (full 0):
 garbage-first heap   total 696320K, used 240857K [0x0000000600000000, 0x0000000800000000)
  region size 4096K, 1 young (4096K), 1 survivors (4096K)
 Metaspace       used 152952K, committed 153984K, reserved 1245184K
  class space    used 21140K, committed 21632K, reserved 1048576K
}
Event: 56.398 GC heap before
{Heap before GC invocations=51 (full 0):
 garbage-first heap   total 696320K, used 568537K [0x0000000600000000, 0x0000000800000000)
  region size 4096K, 81 young (331776K), 1 survivors (4096K)
 Metaspace       used 153380K, committed 154368K, reserved 1245184K
  class space    used 21143K, committed 21632K, reserved 1048576K
}
Event: 56.411 GC heap after
{Heap after GC invocations=52 (full 0):
 garbage-first heap   total 696320K, used 242140K [0x0000000600000000, 0x0000000800000000)
  region size 4096K, 2 young (8192K), 2 survivors (8192K)
 Metaspace       used 153380K, committed 154368K, reserved 1245184K
  class space    used 21143K, committed 21632K, reserved 1048576K
}
Event: 57.359 GC heap before
{Heap before GC invocations=52 (full 0):
 garbage-first heap   total 696320K, used 573916K [0x0000000600000000, 0x0000000800000000)
  region size 4096K, 83 young (339968K), 2 survivors (8192K)
 Metaspace       used 153561K, committed 154560K, reserved 1245184K
  class space    used 21145K, committed 21632K, reserved 1048576K
}
Event: 57.374 GC heap after
{Heap after GC invocations=53 (full 0):
 garbage-first heap   total 696320K, used 243282K [0x0000000600000000, 0x0000000800000000)
  region size 4096K, 2 young (8192K), 2 survivors (8192K)
 Metaspace       used 153561K, committed 154560K, reserved 1245184K
  class space    used 21145K, committed 21632K, reserved 1048576K
}
Event: 58.263 GC heap before
{Heap before GC invocations=53 (full 0):
 garbage-first heap   total 696320K, used 587346K [0x0000000600000000, 0x0000000800000000)
  region size 4096K, 86 young (352256K), 2 survivors (8192K)
 Metaspace       used 153638K, committed 154624K, reserved 1245184K
  class space    used 21148K, committed 21632K, reserved 1048576K
}
Event: 58.279 GC heap after
{Heap after GC invocations=54 (full 0):
 garbage-first heap   total 696320K, used 245052K [0x0000000600000000, 0x0000000800000000)
  region size 4096K, 2 young (8192K), 2 survivors (8192K)
 Metaspace       used 153638K, committed 154624K, reserved 1245184K
  class space    used 21148K, committed 21632K, reserved 1048576K
}
Event: 59.041 GC heap before
{Heap before GC invocations=54 (full 0):
 garbage-first heap   total 696320K, used 593212K [0x0000000600000000, 0x0000000800000000)
  region size 4096K, 87 young (356352K), 2 survivors (8192K)
 Metaspace       used 153710K, committed 154688K, reserved 1245184K
  class space    used 21156K, committed 21632K, reserved 1048576K
}
Event: 59.059 GC heap after
{Heap after GC invocations=55 (full 0):
 garbage-first heap   total 696320K, used 246754K [0x0000000600000000, 0x0000000800000000)
  region size 4096K, 3 young (12288K), 3 survivors (12288K)
 Metaspace       used 153710K, committed 154688K, reserved 1245184K
  class space    used 21156K, committed 21632K, reserved 1048576K
}
Event: 59.968 GC heap before
{Heap before GC invocations=55 (full 0):
 garbage-first heap   total 696320K, used 594914K [0x0000000600000000, 0x0000000800000000)
  region size 4096K, 89 young (364544K), 3 survivors (12288K)
 Metaspace       used 154329K, committed 155392K, reserved 1245184K
  class space    used 21269K, committed 21760K, reserved 1048576K
}
Event: 59.986 GC heap after
{Heap after GC invocations=56 (full 0):
 garbage-first heap   total 696320K, used 248383K [0x0000000600000000, 0x0000000800000000)
  region size 4096K, 3 young (12288K), 3 survivors (12288K)
 Metaspace       used 154329K, committed 155392K, reserved 1245184K
  class space    used 21269K, committed 21760K, reserved 1048576K
}
Event: 61.019 GC heap before
{Heap before GC invocations=56 (full 0):
 garbage-first heap   total 696320K, used 604735K [0x0000000600000000, 0x0000000800000000)
  region size 4096K, 90 young (368640K), 3 survivors (12288K)
 Metaspace       used 155787K, committed 156800K, reserved 1245184K
  class space    used 21460K, committed 21952K, reserved 1048576K
}
Event: 61.160 GC heap after
{Heap after GC invocations=57 (full 0):
 garbage-first heap   total 835584K, used 252770K [0x0000000600000000, 0x0000000800000000)
  region size 4096K, 4 young (16384K), 4 survivors (16384K)
 Metaspace       used 155787K, committed 156800K, reserved 1245184K
  class space    used 21460K, committed 21952K, reserved 1048576K
}

