# JRE version: OpenJDK Runtime Environment (17.0.9) (build 17.0.9+0--11185874)
# Java VM: OpenJDK 64-Bit Server VM (17.0.9+0--11185874, mixed mode, tiered, compressed oops, compressed class ptrs, serial gc, windows-amd64)
GC Precious Log:
 CPUs: 12 total, 12 available
 Memory: 7896M
 Large Page Support: Disabled
 NUMA Support: Disabled
 Compressed Oops: Enabled (32-bit)
 Heap Min Capacity: 256M
 Heap Initial Capacity: 256M
 Heap Max Capacity: 384M
 Pre-touch: Disabled
Heap:
 def new generation   total 78912K, used 62863K [0x00000000e8000000, 0x00000000ed590000, 0x00000000f0000000)
  eden space 70208K,  78% used [0x00000000e8000000, 0x00000000eb61f810, 0x00000000ec490000)
  from space 8704K,  85% used [0x00000000ec490000, 0x00000000ecbd44c0, 0x00000000ecd10000)
  to   space 8704K,   0% used [0x00000000ecd10000, 0x00000000ecd10000, 0x00000000ed590000)
 tenured generation   total 174784K, used 103388K [0x00000000f0000000, 0x00000000faab0000, 0x0000000100000000)
   the space 174784K,  59% used [0x00000000f0000000, 0x00000000f64f7158, 0x00000000f64f7200, 0x00000000faab0000)
 Metaspace       used 117771K, committed 118784K, reserved 294912K
  class space    used 16424K, committed 16896K, reserved 163840K
GC Heap History (20 events):
Event: 42.950 GC heap before
{Heap before GC invocations=15 (full 3):
 def new generation   total 78848K, used 76640K [0x00000000e8000000, 0x00000000ed580000, 0x00000000f0000000)
  eden space 70144K, 100% used [0x00000000e8000000, 0x00000000ec480000, 0x00000000ec480000)
  from space 8704K,  74% used [0x00000000ecd00000, 0x00000000ed358208, 0x00000000ed580000)
  to   space 8704K,   0% used [0x00000000ec480000, 0x00000000ec480000, 0x00000000ecd00000)
 tenured generation   total 174784K, used 63208K [0x00000000f0000000, 0x00000000faab0000, 0x0000000100000000)
   the space 174784K,  36% used [0x00000000f0000000, 0x00000000f3dba238, 0x00000000f3dba400, 0x00000000faab0000)
 Metaspace       used 83555K, committed 84288K, reserved 294912K
  class space    used 11712K, committed 12032K, reserved 163840K
}
Event: 42.965 GC heap after
{Heap after GC invocations=16 (full 3):
 def new generation   total 78848K, used 4277K [0x00000000e8000000, 0x00000000ed580000, 0x00000000f0000000)
  eden space 70144K,   0% used [0x00000000e8000000, 0x00000000e8000000, 0x00000000ec480000)
  from space 8704K,  49% used [0x00000000ec480000, 0x00000000ec8ad430, 0x00000000ecd00000)
  to   space 8704K,   0% used [0x00000000ecd00000, 0x00000000ecd00000, 0x00000000ed580000)
 tenured generation   total 174784K, used 67124K [0x00000000f0000000, 0x00000000faab0000, 0x0000000100000000)
   the space 174784K,  38% used [0x00000000f0000000, 0x00000000f418d238, 0x00000000f418d400, 0x00000000faab0000)
 Metaspace       used 83555K, committed 84288K, reserved 294912K
  class space    used 11712K, committed 12032K, reserved 163840K
}
Event: 43.838 GC heap before
{Heap before GC invocations=16 (full 3):
 def new generation   total 78848K, used 74421K [0x00000000e8000000, 0x00000000ed580000, 0x00000000f0000000)
  eden space 70144K, 100% used [0x00000000e8000000, 0x00000000ec480000, 0x00000000ec480000)
  from space 8704K,  49% used [0x00000000ec480000, 0x00000000ec8ad430, 0x00000000ecd00000)
  to   space 8704K,   0% used [0x00000000ecd00000, 0x00000000ecd00000, 0x00000000ed580000)
 tenured generation   total 174784K, used 67124K [0x00000000f0000000, 0x00000000faab0000, 0x0000000100000000)
   the space 174784K,  38% used [0x00000000f0000000, 0x00000000f418d238, 0x00000000f418d400, 0x00000000faab0000)
 Metaspace       used 83639K, committed 84288K, reserved 294912K
  class space    used 11727K, committed 12032K, reserved 163840K
}
Event: 43.850 GC heap after
{Heap after GC invocations=17 (full 3):
 def new generation   total 78848K, used 6441K [0x00000000e8000000, 0x00000000ed580000, 0x00000000f0000000)
  eden space 70144K,   0% used [0x00000000e8000000, 0x00000000e8000000, 0x00000000ec480000)
  from space 8704K,  74% used [0x00000000ecd00000, 0x00000000ed34a5c0, 0x00000000ed580000)
  to   space 8704K,   0% used [0x00000000ec480000, 0x00000000ec480000, 0x00000000ecd00000)
 tenured generation   total 174784K, used 67124K [0x00000000f0000000, 0x00000000faab0000, 0x0000000100000000)
   the space 174784K,  38% used [0x00000000f0000000, 0x00000000f418d238, 0x00000000f418d400, 0x00000000faab0000)
 Metaspace       used 83639K, committed 84288K, reserved 294912K
  class space    used 11727K, committed 12032K, reserved 163840K
}
Event: 45.199 GC heap before
{Heap before GC invocations=17 (full 3):
 def new generation   total 78848K, used 76585K [0x00000000e8000000, 0x00000000ed580000, 0x00000000f0000000)
  eden space 70144K, 100% used [0x00000000e8000000, 0x00000000ec480000, 0x00000000ec480000)
  from space 8704K,  74% used [0x00000000ecd00000, 0x00000000ed34a5c0, 0x00000000ed580000)
  to   space 8704K,   0% used [0x00000000ec480000, 0x00000000ec480000, 0x00000000ecd00000)
 tenured generation   total 174784K, used 67124K [0x00000000f0000000, 0x00000000faab0000, 0x0000000100000000)
   the space 174784K,  38% used [0x00000000f0000000, 0x00000000f418d238, 0x00000000f418d400, 0x00000000faab0000)
 Metaspace       used 84966K, committed 85696K, reserved 294912K
  class space    used 11927K, committed 12288K, reserved 163840K
}
Event: 45.248 GC heap after
{Heap after GC invocations=18 (full 3):
 def new generation   total 78848K, used 8703K [0x00000000e8000000, 0x00000000ed580000, 0x00000000f0000000)
  eden space 70144K,   0% used [0x00000000e8000000, 0x00000000e8000000, 0x00000000ec480000)
  from space 8704K,  99% used [0x00000000ec480000, 0x00000000eccffff8, 0x00000000ecd00000)
  to   space 8704K,   0% used [0x00000000ecd00000, 0x00000000ecd00000, 0x00000000ed580000)
 tenured generation   total 174784K, used 81867K [0x00000000f0000000, 0x00000000faab0000, 0x0000000100000000)
   the space 174784K,  46% used [0x00000000f0000000, 0x00000000f4ff2fd8, 0x00000000f4ff3000, 0x00000000faab0000)
 Metaspace       used 84966K, committed 85696K, reserved 294912K
  class space    used 11927K, committed 12288K, reserved 163840K
}
Event: 46.482 GC heap before
{Heap before GC invocations=18 (full 3):
 def new generation   total 78848K, used 78224K [0x00000000e8000000, 0x00000000ed580000, 0x00000000f0000000)
  eden space 70144K,  99% used [0x00000000e8000000, 0x00000000ec3e42d8, 0x00000000ec480000)
  from space 8704K,  99% used [0x00000000ec480000, 0x00000000eccffff8, 0x00000000ecd00000)
  to   space 8704K,   0% used [0x00000000ecd00000, 0x00000000ecd00000, 0x00000000ed580000)
 tenured generation   total 174784K, used 81867K [0x00000000f0000000, 0x00000000faab0000, 0x0000000100000000)
   the space 174784K,  46% used [0x00000000f0000000, 0x00000000f4ff2fd8, 0x00000000f4ff3000, 0x00000000faab0000)
 Metaspace       used 91195K, committed 91904K, reserved 294912K
  class space    used 12629K, committed 12992K, reserved 163840K
}
Event: 46.503 GC heap after
{Heap after GC invocations=19 (full 3):
 def new generation   total 78848K, used 6930K [0x00000000e8000000, 0x00000000ed580000, 0x00000000f0000000)
  eden space 70144K,   0% used [0x00000000e8000000, 0x00000000e8000000, 0x00000000ec480000)
  from space 8704K,  79% used [0x00000000ecd00000, 0x00000000ed3c4808, 0x00000000ed580000)
  to   space 8704K,   0% used [0x00000000ec480000, 0x00000000ec480000, 0x00000000ecd00000)
 tenured generation   total 174784K, used 90456K [0x00000000f0000000, 0x00000000faab0000, 0x0000000100000000)
   the space 174784K,  51% used [0x00000000f0000000, 0x00000000f5856388, 0x00000000f5856400, 0x00000000faab0000)
 Metaspace       used 91195K, committed 91904K, reserved 294912K
  class space    used 12629K, committed 12992K, reserved 163840K
}
Event: 47.650 GC heap before
{Heap before GC invocations=19 (full 3):
 def new generation   total 78848K, used 77074K [0x00000000e8000000, 0x00000000ed580000, 0x00000000f0000000)
  eden space 70144K, 100% used [0x00000000e8000000, 0x00000000ec480000, 0x00000000ec480000)
  from space 8704K,  79% used [0x00000000ecd00000, 0x00000000ed3c4808, 0x00000000ed580000)
  to   space 8704K,   0% used [0x00000000ec480000, 0x00000000ec480000, 0x00000000ecd00000)
 tenured generation   total 174784K, used 90456K [0x00000000f0000000, 0x00000000faab0000, 0x0000000100000000)
   the space 174784K,  51% used [0x00000000f0000000, 0x00000000f5856388, 0x00000000f5856400, 0x00000000faab0000)
 Metaspace       used 95624K, committed 96448K, reserved 294912K
  class space    used 13232K, committed 13632K, reserved 163840K
}
Event: 47.674 GC heap after
{Heap after GC invocations=20 (full 3):
 def new generation   total 78848K, used 4267K [0x00000000e8000000, 0x00000000ed580000, 0x00000000f0000000)
  eden space 70144K,   0% used [0x00000000e8000000, 0x00000000e8000000, 0x00000000ec480000)
  from space 8704K,  49% used [0x00000000ec480000, 0x00000000ec8aaf80, 0x00000000ecd00000)
  to   space 8704K,   0% used [0x00000000ecd00000, 0x00000000ecd00000, 0x00000000ed580000)
 tenured generation   total 174784K, used 95812K [0x00000000f0000000, 0x00000000faab0000, 0x0000000100000000)
   the space 174784K,  54% used [0x00000000f0000000, 0x00000000f5d91228, 0x00000000f5d91400, 0x00000000faab0000)
 Metaspace       used 95624K, committed 96448K, reserved 294912K
  class space    used 13232K, committed 13632K, reserved 163840K
}
Event: 48.508 GC heap before
{Heap before GC invocations=20 (full 3):
 def new generation   total 78848K, used 46483K [0x00000000e8000000, 0x00000000ed580000, 0x00000000f0000000)
  eden space 70144K,  60% used [0x00000000e8000000, 0x00000000ea939f88, 0x00000000ec480000)
  from space 8704K,  49% used [0x00000000ec480000, 0x00000000ec8aaf80, 0x00000000ecd00000)
  to   space 8704K,   0% used [0x00000000ecd00000, 0x00000000ecd00000, 0x00000000ed580000)
 tenured generation   total 174784K, used 95812K [0x00000000f0000000, 0x00000000faab0000, 0x0000000100000000)
   the space 174784K,  54% used [0x00000000f0000000, 0x00000000f5d91228, 0x00000000f5d91400, 0x00000000faab0000)
 Metaspace       used 98900K, committed 99648K, reserved 294912K
  class space    used 13690K, committed 14080K, reserved 163840K
}
Event: 48.751 GC heap after
{Heap after GC invocations=21 (full 4):
 def new generation   total 78912K, used 0K [0x00000000e8000000, 0x00000000ed590000, 0x00000000f0000000)
  eden space 70208K,   0% used [0x00000000e8000000, 0x00000000e8000000, 0x00000000ec490000)
  from space 8704K,   0% used [0x00000000ec490000, 0x00000000ec490000, 0x00000000ecd10000)
  to   space 8704K,   0% used [0x00000000ecd10000, 0x00000000ecd10000, 0x00000000ed590000)
 tenured generation   total 174784K, used 95578K [0x00000000f0000000, 0x00000000faab0000, 0x0000000100000000)
   the space 174784K,  54% used [0x00000000f0000000, 0x00000000f5d56a08, 0x00000000f5d56c00, 0x00000000faab0000)
 Metaspace       used 98900K, committed 99648K, reserved 294912K
  class space    used 13690K, committed 14080K, reserved 163840K
}
Event: 49.646 GC heap before
{Heap before GC invocations=21 (full 4):
 def new generation   total 78912K, used 70208K [0x00000000e8000000, 0x00000000ed590000, 0x00000000f0000000)
  eden space 70208K, 100% used [0x00000000e8000000, 0x00000000ec490000, 0x00000000ec490000)
  from space 8704K,   0% used [0x00000000ec490000, 0x00000000ec490000, 0x00000000ecd10000)
  to   space 8704K,   0% used [0x00000000ecd10000, 0x00000000ecd10000, 0x00000000ed590000)
 tenured generation   total 174784K, used 95578K [0x00000000f0000000, 0x00000000faab0000, 0x0000000100000000)
   the space 174784K,  54% used [0x00000000f0000000, 0x00000000f5d56a08, 0x00000000f5d56c00, 0x00000000faab0000)
 Metaspace       used 100879K, committed 101696K, reserved 294912K
  class space    used 13984K, committed 14400K, reserved 163840K
}
Event: 49.659 GC heap after
{Heap after GC invocations=22 (full 4):
 def new generation   total 78912K, used 6034K [0x00000000e8000000, 0x00000000ed590000, 0x00000000f0000000)
  eden space 70208K,   0% used [0x00000000e8000000, 0x00000000e8000000, 0x00000000ec490000)
  from space 8704K,  69% used [0x00000000ecd10000, 0x00000000ed2f4b10, 0x00000000ed590000)
  to   space 8704K,   0% used [0x00000000ec490000, 0x00000000ec490000, 0x00000000ecd10000)
 tenured generation   total 174784K, used 95578K [0x00000000f0000000, 0x00000000faab0000, 0x0000000100000000)
   the space 174784K,  54% used [0x00000000f0000000, 0x00000000f5d56a08, 0x00000000f5d56c00, 0x00000000faab0000)
 Metaspace       used 100879K, committed 101696K, reserved 294912K
  class space    used 13984K, committed 14400K, reserved 163840K
}
Event: 50.504 GC heap before
{Heap before GC invocations=22 (full 4):
 def new generation   total 78912K, used 76242K [0x00000000e8000000, 0x00000000ed590000, 0x00000000f0000000)
  eden space 70208K, 100% used [0x00000000e8000000, 0x00000000ec490000, 0x00000000ec490000)
  from space 8704K,  69% used [0x00000000ecd10000, 0x00000000ed2f4b10, 0x00000000ed590000)
  to   space 8704K,   0% used [0x00000000ec490000, 0x00000000ec490000, 0x00000000ecd10000)
 tenured generation   total 174784K, used 95578K [0x00000000f0000000, 0x00000000faab0000, 0x0000000100000000)
   the space 174784K,  54% used [0x00000000f0000000, 0x00000000f5d56a08, 0x00000000f5d56c00, 0x00000000faab0000)
 Metaspace       used 105995K, committed 106816K, reserved 294912K
  class space    used 14828K, committed 15232K, reserved 163840K
}
Event: 50.528 GC heap after
{Heap after GC invocations=23 (full 4):
 def new generation   total 78912K, used 1830K [0x00000000e8000000, 0x00000000ed590000, 0x00000000f0000000)
  eden space 70208K,   0% used [0x00000000e8000000, 0x00000000e8000000, 0x00000000ec490000)
  from space 8704K,  21% used [0x00000000ec490000, 0x00000000ec659910, 0x00000000ecd10000)
  to   space 8704K,   0% used [0x00000000ecd10000, 0x00000000ecd10000, 0x00000000ed590000)
 tenured generation   total 174784K, used 101598K [0x00000000f0000000, 0x00000000faab0000, 0x0000000100000000)
   the space 174784K,  58% used [0x00000000f0000000, 0x00000000f6337840, 0x00000000f6337a00, 0x00000000faab0000)
 Metaspace       used 105995K, committed 106816K, reserved 294912K
  class space    used 14828K, committed 15232K, reserved 163840K
}
Event: 51.606 GC heap before
{Heap before GC invocations=23 (full 4):
 def new generation   total 78912K, used 72038K [0x00000000e8000000, 0x00000000ed590000, 0x00000000f0000000)
  eden space 70208K, 100% used [0x00000000e8000000, 0x00000000ec490000, 0x00000000ec490000)
  from space 8704K,  21% used [0x00000000ec490000, 0x00000000ec659910, 0x00000000ecd10000)
  to   space 8704K,   0% used [0x00000000ecd10000, 0x00000000ecd10000, 0x00000000ed590000)
 tenured generation   total 174784K, used 101598K [0x00000000f0000000, 0x00000000faab0000, 0x0000000100000000)
   the space 174784K,  58% used [0x00000000f0000000, 0x00000000f6337840, 0x00000000f6337a00, 0x00000000faab0000)
 Metaspace       used 110714K, committed 111552K, reserved 294912K
  class space    used 15514K, committed 15936K, reserved 163840K
}
Event: 51.627 GC heap after
{Heap after GC invocations=24 (full 4):
 def new generation   total 78912K, used 4522K [0x00000000e8000000, 0x00000000ed590000, 0x00000000f0000000)
  eden space 70208K,   0% used [0x00000000e8000000, 0x00000000e8000000, 0x00000000ec490000)
  from space 8704K,  51% used [0x00000000ecd10000, 0x00000000ed17a858, 0x00000000ed590000)
  to   space 8704K,   0% used [0x00000000ec490000, 0x00000000ec490000, 0x00000000ecd10000)
 tenured generation   total 174784K, used 101598K [0x00000000f0000000, 0x00000000faab0000, 0x0000000100000000)
   the space 174784K,  58% used [0x00000000f0000000, 0x00000000f6337840, 0x00000000f6337a00, 0x00000000faab0000)
 Metaspace       used 110714K, committed 111552K, reserved 294912K
  class space    used 15514K, committed 15936K, reserved 163840K
}
Event: 52.705 GC heap before
{Heap before GC invocations=24 (full 4):
 def new generation   total 78912K, used 74730K [0x00000000e8000000, 0x00000000ed590000, 0x00000000f0000000)
  eden space 70208K, 100% used [0x00000000e8000000, 0x00000000ec490000, 0x00000000ec490000)
  from space 8704K,  51% used [0x00000000ecd10000, 0x00000000ed17a858, 0x00000000ed590000)
  to   space 8704K,   0% used [0x00000000ec490000, 0x00000000ec490000, 0x00000000ecd10000)
 tenured generation   total 174784K, used 101598K [0x00000000f0000000, 0x00000000faab0000, 0x0000000100000000)
   the space 174784K,  58% used [0x00000000f0000000, 0x00000000f6337840, 0x00000000f6337a00, 0x00000000faab0000)
 Metaspace       used 116308K, committed 117248K, reserved 294912K
  class space    used 16172K, committed 16640K, reserved 163840K
}
Event: 52.744 GC heap after
{Heap after GC invocations=25 (full 4):
 def new generation   total 78912K, used 7441K [0x00000000e8000000, 0x00000000ed590000, 0x00000000f0000000)
  eden space 70208K,   0% used [0x00000000e8000000, 0x00000000e8000000, 0x00000000ec490000)
  from space 8704K,  85% used [0x00000000ec490000, 0x00000000ecbd44c0, 0x00000000ecd10000)
  to   space 8704K,   0% used [0x00000000ecd10000, 0x00000000ecd10000, 0x00000000ed590000)
 tenured generation   total 174784K, used 103388K [0x00000000f0000000, 0x00000000faab0000, 0x0000000100000000)
   the space 174784K,  59% used [0x00000000f0000000, 0x00000000f64f7158, 0x00000000f64f7200, 0x00000000faab0000)
 Metaspace       used 116308K, committed 117248K, reserved 294912K
  class space    used 16172K, committed 16640K, reserved 163840K
}

