# JRE version: OpenJDK Runtime Environment (17.0.9) (build 17.0.9+0--11185874)
# Java VM: OpenJDK 64-Bit Server VM (17.0.9+0--11185874, mixed mode, tiered, compressed oops, compressed class ptrs, g1 gc, windows-amd64)
GC Precious Log:
 CPUs: 12 total, 12 available
 Memory: 7896M
 Large Page Support: Disabled
 NUMA Support: Disabled
 Compressed Oops: Enabled (Zero based)
 Heap Region Size: 4M
 Heap Min Capacity: 8M
 Heap Initial Capacity: 124M
 Heap Max Capacity: 8G
 Pre-touch: Disabled
 Parallel Workers: 10
 Concurrent Workers: 3
 Concurrent Refinement Workers: 10
 Periodic GC: Disabled
Heap:
 garbage-first heap   total 851968K, used 314077K [0x0000000600000000, 0x0000000800000000)
  region size 4096K, 3 young (12288K), 3 survivors (12288K)
 Metaspace       used 142629K, committed 143680K, reserved 1179648K
  class space    used 19990K, committed 20480K, reserved 1048576K
GC Heap History (20 events):
Event: 51.698 GC heap after
{Heap after GC invocations=35 (full 0):
 garbage-first heap   total 352256K, used 237716K [0x0000000600000000, 0x0000000800000000)
  region size 4096K, 3 young (12288K), 3 survivors (12288K)
 Metaspace       used 126069K, committed 126976K, reserved 1179648K
  class space    used 17504K, committed 17984K, reserved 1048576K
}
Event: 52.742 GC heap before
{Heap before GC invocations=35 (full 0):
 garbage-first heap   total 352256K, used 278676K [0x0000000600000000, 0x0000000800000000)
  region size 4096K, 14 young (57344K), 3 survivors (12288K)
 Metaspace       used 129564K, committed 130560K, reserved 1179648K
  class space    used 18043K, committed 18560K, reserved 1048576K
}
Event: 52.754 GC heap after
{Heap after GC invocations=36 (full 0):
 garbage-first heap   total 352256K, used 239816K [0x0000000600000000, 0x0000000800000000)
  region size 4096K, 2 young (8192K), 2 survivors (8192K)
 Metaspace       used 129564K, committed 130560K, reserved 1179648K
  class space    used 18043K, committed 18560K, reserved 1048576K
}
Event: 53.263 GC heap before
{Heap before GC invocations=37 (full 0):
 garbage-first heap   total 430080K, used 280776K [0x0000000600000000, 0x0000000800000000)
  region size 4096K, 12 young (49152K), 2 survivors (8192K)
 Metaspace       used 129795K, committed 130752K, reserved 1179648K
  class space    used 18081K, committed 18560K, reserved 1048576K
}
Event: 53.282 GC heap after
{Heap after GC invocations=38 (full 0):
 garbage-first heap   total 430080K, used 247583K [0x0000000600000000, 0x0000000800000000)
  region size 4096K, 2 young (8192K), 2 survivors (8192K)
 Metaspace       used 129795K, committed 130752K, reserved 1179648K
  class space    used 18081K, committed 18560K, reserved 1048576K
}
Event: 53.327 GC heap before
{Heap before GC invocations=38 (full 0):
 garbage-first heap   total 430080K, used 259871K [0x0000000600000000, 0x0000000800000000)
  region size 4096K, 5 young (20480K), 2 survivors (8192K)
 Metaspace       used 129865K, committed 130816K, reserved 1179648K
  class space    used 18095K, committed 18560K, reserved 1048576K
}
Event: 53.344 GC heap after
{Heap after GC invocations=39 (full 0):
 garbage-first heap   total 851968K, used 247901K [0x0000000600000000, 0x0000000800000000)
  region size 4096K, 1 young (4096K), 1 survivors (4096K)
 Metaspace       used 129865K, committed 130816K, reserved 1179648K
  class space    used 18095K, committed 18560K, reserved 1048576K
}
Event: 57.385 GC heap before
{Heap before GC invocations=39 (full 0):
 garbage-first heap   total 851968K, used 587869K [0x0000000600000000, 0x0000000800000000)
  region size 4096K, 84 young (344064K), 1 survivors (4096K)
 Metaspace       used 138950K, committed 139904K, reserved 1179648K
  class space    used 19672K, committed 20160K, reserved 1048576K
}
Event: 57.501 GC heap after
{Heap after GC invocations=40 (full 0):
 garbage-first heap   total 851968K, used 304425K [0x0000000600000000, 0x0000000800000000)
  region size 4096K, 11 young (45056K), 11 survivors (45056K)
 Metaspace       used 138950K, committed 139904K, reserved 1179648K
  class space    used 19672K, committed 20160K, reserved 1048576K
}
Event: 60.171 GC heap before
{Heap before GC invocations=40 (full 0):
 garbage-first heap   total 851968K, used 595241K [0x0000000600000000, 0x0000000800000000)
  region size 4096K, 82 young (335872K), 11 survivors (45056K)
 Metaspace       used 141223K, committed 142272K, reserved 1179648K
  class space    used 19952K, committed 20480K, reserved 1048576K
}
Event: 60.229 GC heap after
{Heap after GC invocations=41 (full 0):
 garbage-first heap   total 851968K, used 311259K [0x0000000600000000, 0x0000000800000000)
  region size 4096K, 2 young (8192K), 2 survivors (8192K)
 Metaspace       used 141223K, committed 142272K, reserved 1179648K
  class space    used 19952K, committed 20480K, reserved 1048576K
}
Event: 62.813 GC heap before
{Heap before GC invocations=41 (full 0):
 garbage-first heap   total 851968K, used 626651K [0x0000000600000000, 0x0000000800000000)
  region size 4096K, 79 young (323584K), 2 survivors (8192K)
 Metaspace       used 141844K, committed 142848K, reserved 1179648K
  class space    used 19963K, committed 20480K, reserved 1048576K
}
Event: 62.828 GC heap after
{Heap after GC invocations=42 (full 0):
 garbage-first heap   total 851968K, used 308934K [0x0000000600000000, 0x0000000800000000)
  region size 4096K, 2 young (8192K), 2 survivors (8192K)
 Metaspace       used 141844K, committed 142848K, reserved 1179648K
  class space    used 19963K, committed 20480K, reserved 1048576K
}
Event: 63.963 GC heap before
{Heap before GC invocations=42 (full 0):
 garbage-first heap   total 851968K, used 657094K [0x0000000600000000, 0x0000000800000000)
  region size 4096K, 87 young (356352K), 2 survivors (8192K)
 Metaspace       used 142245K, committed 143232K, reserved 1179648K
  class space    used 19972K, committed 20480K, reserved 1048576K
}
Event: 63.977 GC heap after
{Heap after GC invocations=43 (full 0):
 garbage-first heap   total 851968K, used 309425K [0x0000000600000000, 0x0000000800000000)
  region size 4096K, 2 young (8192K), 2 survivors (8192K)
 Metaspace       used 142245K, committed 143232K, reserved 1179648K
  class space    used 19972K, committed 20480K, reserved 1048576K
}
Event: 65.090 GC heap before
{Heap before GC invocations=43 (full 0):
 garbage-first heap   total 851968K, used 682161K [0x0000000600000000, 0x0000000800000000)
  region size 4096K, 93 young (380928K), 2 survivors (8192K)
 Metaspace       used 142485K, committed 143488K, reserved 1179648K
  class space    used 19974K, committed 20480K, reserved 1048576K
}
Event: 65.105 GC heap after
{Heap after GC invocations=44 (full 0):
 garbage-first heap   total 851968K, used 310731K [0x0000000600000000, 0x0000000800000000)
  region size 4096K, 2 young (8192K), 2 survivors (8192K)
 Metaspace       used 142485K, committed 143488K, reserved 1179648K
  class space    used 19974K, committed 20480K, reserved 1048576K
}
Event: 66.131 GC heap before
{Heap before GC invocations=44 (full 0):
 garbage-first heap   total 851968K, used 695755K [0x0000000600000000, 0x0000000800000000)
  region size 4096K, 96 young (393216K), 2 survivors (8192K)
 Metaspace       used 142544K, committed 143552K, reserved 1179648K
  class space    used 19977K, committed 20480K, reserved 1048576K
}
Event: 66.151 GC heap after
{Heap after GC invocations=45 (full 0):
 garbage-first heap   total 851968K, used 312747K [0x0000000600000000, 0x0000000800000000)
  region size 4096K, 3 young (12288K), 3 survivors (12288K)
 Metaspace       used 142544K, committed 143552K, reserved 1179648K
  class space    used 19977K, committed 20480K, reserved 1048576K
}
Event: 67.194 GC heap before
{Heap before GC invocations=45 (full 0):
 garbage-first heap   total 851968K, used 705963K [0x0000000600000000, 0x0000000800000000)
  region size 4096K, 99 young (405504K), 3 survivors (12288K)
 Metaspace       used 142629K, committed 143680K, reserved 1179648K
  class space    used 19990K, committed 20480K, reserved 1048576K
}

