# JRE version: OpenJDK Runtime Environment (17.0.9) (build 17.0.9+0--11185874)
# Java VM: OpenJDK 64-Bit Server VM (17.0.9+0--11185874, mixed mode, tiered, compressed oops, compressed class ptrs, g1 gc, windows-amd64)
GC Precious Log:
 CPUs: 12 total, 12 available
 Memory: 7896M
 Large Page Support: Disabled
 NUMA Support: Disabled
 Compressed Oops: Enabled (32-bit)
 Heap Region Size: 1M
 Heap Min Capacity: 256M
 Heap Initial Capacity: 256M
 Heap Max Capacity: 512M
 Pre-touch: Disabled
 Parallel Workers: 10
 Concurrent Workers: 3
 Concurrent Refinement Workers: 10
 Periodic GC: Disabled
Heap:
 garbage-first heap   total 262144K, used 46924K [0x00000000e0000000, 0x0000000100000000)
  region size 1024K, 23 young (23552K), 9 survivors (9216K)
 Metaspace       used 50852K, committed 51328K, reserved 278528K
  class space    used 6875K, committed 7104K, reserved 212992K
GC Heap History (16 events):
Event: 0.483 GC heap before
{Heap before GC invocations=0 (full 0):
 garbage-first heap   total 262144K, used 23552K [0x00000000e0000000, 0x0000000100000000)
  region size 1024K, 23 young (23552K), 0 survivors (0K)
 Metaspace       used 7719K, committed 7872K, reserved 278528K
  class space    used 670K, committed 704K, reserved 212992K
}
Event: 0.487 GC heap after
{Heap after GC invocations=1 (full 0):
 garbage-first heap   total 262144K, used 3961K [0x00000000e0000000, 0x0000000100000000)
  region size 1024K, 3 young (3072K), 3 survivors (3072K)
 Metaspace       used 7719K, committed 7872K, reserved 278528K
  class space    used 670K, committed 704K, reserved 212992K
}
Event: 1.217 GC heap before
{Heap before GC invocations=1 (full 0):
 garbage-first heap   total 262144K, used 40825K [0x00000000e0000000, 0x0000000100000000)
  region size 1024K, 36 young (36864K), 3 survivors (3072K)
 Metaspace       used 11800K, committed 11968K, reserved 278528K
  class space    used 1255K, committed 1344K, reserved 212992K
}
Event: 1.222 GC heap after
{Heap after GC invocations=2 (full 0):
 garbage-first heap   total 262144K, used 10996K [0x00000000e0000000, 0x0000000100000000)
  region size 1024K, 4 young (4096K), 4 survivors (4096K)
 Metaspace       used 11800K, committed 11968K, reserved 278528K
  class space    used 1255K, committed 1344K, reserved 212992K
}
Event: 1.885 GC heap before
{Heap before GC invocations=2 (full 0):
 garbage-first heap   total 262144K, used 59124K [0x00000000e0000000, 0x0000000100000000)
  region size 1024K, 49 young (50176K), 4 survivors (4096K)
 Metaspace       used 12496K, committed 12736K, reserved 278528K
  class space    used 1372K, committed 1472K, reserved 212992K
}
Event: 1.890 GC heap after
{Heap after GC invocations=3 (full 0):
 garbage-first heap   total 262144K, used 16552K [0x00000000e0000000, 0x0000000100000000)
  region size 1024K, 5 young (5120K), 5 survivors (5120K)
 Metaspace       used 12496K, committed 12736K, reserved 278528K
  class space    used 1372K, committed 1472K, reserved 212992K
}
Event: 2.964 GC heap before
{Heap before GC invocations=3 (full 0):
 garbage-first heap   total 262144K, used 49320K [0x00000000e0000000, 0x0000000100000000)
  region size 1024K, 38 young (38912K), 5 survivors (5120K)
 Metaspace       used 21297K, committed 21504K, reserved 278528K
  class space    used 2513K, committed 2624K, reserved 212992K
}
Event: 2.973 GC heap after
{Heap after GC invocations=4 (full 0):
 garbage-first heap   total 262144K, used 20116K [0x00000000e0000000, 0x0000000100000000)
  region size 1024K, 8 young (8192K), 8 survivors (8192K)
 Metaspace       used 21297K, committed 21504K, reserved 278528K
  class space    used 2513K, committed 2624K, reserved 212992K
}
Event: 5.705 GC heap before
{Heap before GC invocations=5 (full 0):
 garbage-first heap   total 262144K, used 125588K [0x00000000e0000000, 0x0000000100000000)
  region size 1024K, 113 young (115712K), 8 survivors (8192K)
 Metaspace       used 35648K, committed 35968K, reserved 278528K
  class space    used 4755K, committed 4928K, reserved 212992K
}
Event: 5.720 GC heap after
{Heap after GC invocations=6 (full 0):
 garbage-first heap   total 262144K, used 25670K [0x00000000e0000000, 0x0000000100000000)
  region size 1024K, 14 young (14336K), 14 survivors (14336K)
 Metaspace       used 35648K, committed 35968K, reserved 278528K
  class space    used 4755K, committed 4928K, reserved 212992K
}
Event: 5.757 GC heap before
{Heap before GC invocations=6 (full 0):
 garbage-first heap   total 262144K, used 26694K [0x00000000e0000000, 0x0000000100000000)
  region size 1024K, 15 young (15360K), 14 survivors (14336K)
 Metaspace       used 35847K, committed 36224K, reserved 278528K
  class space    used 4783K, committed 4992K, reserved 212992K
}
Event: 5.780 GC heap after
{Heap after GC invocations=7 (full 0):
 garbage-first heap   total 262144K, used 26769K [0x00000000e0000000, 0x0000000100000000)
  region size 1024K, 2 young (2048K), 2 survivors (2048K)
 Metaspace       used 35847K, committed 36224K, reserved 278528K
  class space    used 4783K, committed 4992K, reserved 212992K
}
Event: 5.830 GC heap before
{Heap before GC invocations=7 (full 0):
 garbage-first heap   total 262144K, used 27793K [0x00000000e0000000, 0x0000000100000000)
  region size 1024K, 4 young (4096K), 2 survivors (2048K)
 Metaspace       used 35955K, committed 36288K, reserved 278528K
  class space    used 4795K, committed 4992K, reserved 212992K
}
Event: 5.832 GC heap after
{Heap after GC invocations=8 (full 0):
 garbage-first heap   total 262144K, used 25451K [0x00000000e0000000, 0x0000000100000000)
  region size 1024K, 1 young (1024K), 1 survivors (1024K)
 Metaspace       used 35955K, committed 36288K, reserved 278528K
  class space    used 4795K, committed 4992K, reserved 212992K
}
Event: 8.442 GC heap before
{Heap before GC invocations=9 (full 0):
 garbage-first heap   total 262144K, used 182123K [0x00000000e0000000, 0x0000000100000000)
  region size 1024K, 153 young (156672K), 1 survivors (1024K)
 Metaspace       used 49545K, committed 50048K, reserved 278528K
  class space    used 6635K, committed 6848K, reserved 212992K
}
Event: 8.452 GC heap after
{Heap after GC invocations=10 (full 0):
 garbage-first heap   total 262144K, used 33612K [0x00000000e0000000, 0x0000000100000000)
  region size 1024K, 9 young (9216K), 9 survivors (9216K)
 Metaspace       used 49545K, committed 50048K, reserved 278528K
  class space    used 6635K, committed 6848K, reserved 212992K
}

