# JRE version: OpenJDK Runtime Environment (17.0.9) (build 17.0.9+0--11185874)
# Java VM: OpenJDK 64-Bit Server VM (17.0.9+0--11185874, mixed mode, tiered, compressed oops, compressed class ptrs, g1 gc, windows-amd64)
GC Precious Log:
 CPUs: 12 total, 12 available
 Memory: 7896M
 Large Page Support: Disabled
 NUMA Support: Disabled
 Compressed Oops: Enabled (32-bit)
 Heap Region Size: 1M
 Heap Min Capacity: 8M
 Heap Initial Capacity: 124M
 Heap Max Capacity: 1G
 Pre-touch: Disabled
 Parallel Workers: 10
 Concurrent Workers: 3
 Concurrent Refinement Workers: 10
 Periodic GC: Disabled
Heap:
 garbage-first heap   total 178176K, used 144488K [0x00000000c0000000, 0x0000000100000000)
  region size 1024K, 19 young (19456K), 3 survivors (3072K)
 Metaspace       used 109584K, committed 110464K, reserved 770048K
  class space    used 15348K, committed 15808K, reserved 638976K
GC Heap History (20 events):
Event: 128.340 GC heap before
{Heap before GC invocations=66 (full 0):
 garbage-first heap   total 178176K, used 149120K [0x00000000c0000000, 0x0000000100000000)
  region size 1024K, 37 young (37888K), 2 survivors (2048K)
 Metaspace       used 92627K, committed 93312K, reserved 770048K
  class space    used 12843K, committed 13184K, reserved 638976K
}
Event: 128.349 GC heap after
{Heap after GC invocations=67 (full 0):
 garbage-first heap   total 178176K, used 113333K [0x00000000c0000000, 0x0000000100000000)
  region size 1024K, 5 young (5120K), 5 survivors (5120K)
 Metaspace       used 92627K, committed 93312K, reserved 770048K
  class space    used 12843K, committed 13184K, reserved 638976K
}
Event: 129.194 GC heap before
{Heap before GC invocations=67 (full 0):
 garbage-first heap   total 178176K, used 145077K [0x00000000c0000000, 0x0000000100000000)
  region size 1024K, 36 young (36864K), 5 survivors (5120K)
 Metaspace       used 94986K, committed 95744K, reserved 770048K
  class space    used 13146K, committed 13504K, reserved 638976K
}
Event: 129.205 GC heap after
{Heap after GC invocations=68 (full 0):
 garbage-first heap   total 178176K, used 115505K [0x00000000c0000000, 0x0000000100000000)
  region size 1024K, 3 young (3072K), 3 survivors (3072K)
 Metaspace       used 94986K, committed 95744K, reserved 770048K
  class space    used 13146K, committed 13504K, reserved 638976K
}
Event: 130.430 GC heap before
{Heap before GC invocations=68 (full 0):
 garbage-first heap   total 178176K, used 146225K [0x00000000c0000000, 0x0000000100000000)
  region size 1024K, 33 young (33792K), 3 survivors (3072K)
 Metaspace       used 97465K, committed 98176K, reserved 770048K
  class space    used 13496K, committed 13824K, reserved 638976K
}
Event: 130.440 GC heap after
{Heap after GC invocations=69 (full 0):
 garbage-first heap   total 178176K, used 116376K [0x00000000c0000000, 0x0000000100000000)
  region size 1024K, 3 young (3072K), 3 survivors (3072K)
 Metaspace       used 97465K, committed 98176K, reserved 770048K
  class space    used 13496K, committed 13824K, reserved 638976K
}
Event: 131.799 GC heap before
{Heap before GC invocations=69 (full 0):
 garbage-first heap   total 178176K, used 149144K [0x00000000c0000000, 0x0000000100000000)
  region size 1024K, 35 young (35840K), 3 survivors (3072K)
 Metaspace       used 99960K, committed 100672K, reserved 770048K
  class space    used 13859K, committed 14208K, reserved 638976K
}
Event: 131.812 GC heap after
{Heap after GC invocations=70 (full 0):
 garbage-first heap   total 178176K, used 117502K [0x00000000c0000000, 0x0000000100000000)
  region size 1024K, 3 young (3072K), 3 survivors (3072K)
 Metaspace       used 99960K, committed 100672K, reserved 770048K
  class space    used 13859K, committed 14208K, reserved 638976K
}
Event: 133.030 GC heap before
{Heap before GC invocations=70 (full 0):
 garbage-first heap   total 178176K, used 149246K [0x00000000c0000000, 0x0000000100000000)
  region size 1024K, 34 young (34816K), 3 survivors (3072K)
 Metaspace       used 100781K, committed 101632K, reserved 770048K
  class space    used 13961K, committed 14336K, reserved 638976K
}
Event: 133.046 GC heap after
{Heap after GC invocations=71 (full 0):
 garbage-first heap   total 178176K, used 122551K [0x00000000c0000000, 0x0000000100000000)
  region size 1024K, 5 young (5120K), 5 survivors (5120K)
 Metaspace       used 100781K, committed 101632K, reserved 770048K
  class space    used 13961K, committed 14336K, reserved 638976K
}
Event: 133.647 GC heap before
{Heap before GC invocations=71 (full 0):
 garbage-first heap   total 178176K, used 149175K [0x00000000c0000000, 0x0000000100000000)
  region size 1024K, 31 young (31744K), 5 survivors (5120K)
 Metaspace       used 101076K, committed 101888K, reserved 770048K
  class space    used 13996K, committed 14336K, reserved 638976K
}
Event: 133.654 GC heap after
{Heap after GC invocations=72 (full 0):
 garbage-first heap   total 178176K, used 125800K [0x00000000c0000000, 0x0000000100000000)
  region size 1024K, 4 young (4096K), 4 survivors (4096K)
 Metaspace       used 101076K, committed 101888K, reserved 770048K
  class space    used 13996K, committed 14336K, reserved 638976K
}
Event: 134.653 GC heap before
{Heap before GC invocations=72 (full 0):
 garbage-first heap   total 178176K, used 148328K [0x00000000c0000000, 0x0000000100000000)
  region size 1024K, 27 young (27648K), 4 survivors (4096K)
 Metaspace       used 102814K, committed 103680K, reserved 770048K
  class space    used 14249K, committed 14656K, reserved 638976K
}
Event: 134.659 GC heap after
{Heap after GC invocations=73 (full 0):
 garbage-first heap   total 178176K, used 127207K [0x00000000c0000000, 0x0000000100000000)
  region size 1024K, 2 young (2048K), 2 survivors (2048K)
 Metaspace       used 102814K, committed 103680K, reserved 770048K
  class space    used 14249K, committed 14656K, reserved 638976K
}
Event: 135.832 GC heap before
{Heap before GC invocations=73 (full 0):
 garbage-first heap   total 178176K, used 150759K [0x00000000c0000000, 0x0000000100000000)
  region size 1024K, 25 young (25600K), 2 survivors (2048K)
 Metaspace       used 104466K, committed 105280K, reserved 770048K
  class space    used 14483K, committed 14848K, reserved 638976K
}
Event: 135.839 GC heap after
{Heap after GC invocations=74 (full 0):
 garbage-first heap   total 178176K, used 128494K [0x00000000c0000000, 0x0000000100000000)
  region size 1024K, 3 young (3072K), 3 survivors (3072K)
 Metaspace       used 104466K, committed 105280K, reserved 770048K
  class space    used 14483K, committed 14848K, reserved 638976K
}
Event: 137.345 GC heap before
{Heap before GC invocations=74 (full 0):
 garbage-first heap   total 178176K, used 151022K [0x00000000c0000000, 0x0000000100000000)
  region size 1024K, 25 young (25600K), 3 survivors (3072K)
 Metaspace       used 106293K, committed 107072K, reserved 770048K
  class space    used 14830K, committed 15168K, reserved 638976K
}
Event: 137.357 GC heap after
{Heap after GC invocations=75 (full 0):
 garbage-first heap   total 178176K, used 127913K [0x00000000c0000000, 0x0000000100000000)
  region size 1024K, 2 young (2048K), 2 survivors (2048K)
 Metaspace       used 106293K, committed 107072K, reserved 770048K
  class space    used 14830K, committed 15168K, reserved 638976K
}
Event: 138.573 GC heap before
{Heap before GC invocations=75 (full 0):
 garbage-first heap   total 178176K, used 151465K [0x00000000c0000000, 0x0000000100000000)
  region size 1024K, 26 young (26624K), 2 survivors (2048K)
 Metaspace       used 108242K, committed 109056K, reserved 770048K
  class space    used 15189K, committed 15552K, reserved 638976K
}
Event: 138.585 GC heap after
{Heap after GC invocations=76 (full 0):
 garbage-first heap   total 178176K, used 129128K [0x00000000c0000000, 0x0000000100000000)
  region size 1024K, 3 young (3072K), 3 survivors (3072K)
 Metaspace       used 108242K, committed 109056K, reserved 770048K
  class space    used 15189K, committed 15552K, reserved 638976K
}

