# JRE version: OpenJDK Runtime Environment (17.0.9) (build 17.0.9+0--11185874)
# Java VM: OpenJDK 64-Bit Server VM (17.0.9+0--11185874, mixed mode, tiered, compressed oops, compressed class ptrs, g1 gc, windows-amd64)
GC Precious Log:
 CPUs: 12 total, 12 available
 Memory: 7896M
 Large Page Support: Disabled
 NUMA Support: Disabled
 Compressed Oops: Enabled (32-bit)
 Heap Region Size: 1M
 Heap Min Capacity: 8M
 Heap Initial Capacity: 124M
 Heap Max Capacity: 2G
 Pre-touch: Disabled
 Parallel Workers: 10
 Concurrent Workers: 3
 Concurrent Refinement Workers: 10
 Periodic GC: Disabled
Heap:
 garbage-first heap   total 154624K, used 100074K [0x0000000080000000, 0x0000000100000000)
  region size 1024K, 4 young (4096K), 4 survivors (4096K)
 Metaspace       used 81088K, committed 81792K, reserved 1179648K
  class space    used 11409K, committed 11776K, reserved 1048576K
GC Heap History (20 events):
Event: 19.089 GC heap after
{Heap after GC invocations=25 (full 0):
 garbage-first heap   total 154624K, used 59701K [0x0000000080000000, 0x0000000100000000)
  region size 1024K, 1 young (1024K), 1 survivors (1024K)
 Metaspace       used 69760K, committed 70336K, reserved 1114112K
  class space    used 9755K, committed 10048K, reserved 1048576K
}
Event: 20.283 GC heap before
{Heap before GC invocations=25 (full 0):
 garbage-first heap   total 154624K, used 124213K [0x0000000080000000, 0x0000000100000000)
  region size 1024K, 64 young (65536K), 1 survivors (1024K)
 Metaspace       used 73355K, committed 73920K, reserved 1114112K
  class space    used 10273K, committed 10560K, reserved 1048576K
}
Event: 20.292 GC heap after
{Heap after GC invocations=26 (full 0):
 garbage-first heap   total 154624K, used 64910K [0x0000000080000000, 0x0000000100000000)
  region size 1024K, 6 young (6144K), 6 survivors (6144K)
 Metaspace       used 73355K, committed 73920K, reserved 1114112K
  class space    used 10273K, committed 10560K, reserved 1048576K
}
Event: 21.942 GC heap before
{Heap before GC invocations=26 (full 0):
 garbage-first heap   total 154624K, used 122254K [0x0000000080000000, 0x0000000100000000)
  region size 1024K, 63 young (64512K), 6 survivors (6144K)
 Metaspace       used 77213K, committed 77824K, reserved 1179648K
  class space    used 10929K, committed 11200K, reserved 1048576K
}
Event: 21.958 GC heap after
{Heap after GC invocations=27 (full 0):
 garbage-first heap   total 154624K, used 69427K [0x0000000080000000, 0x0000000100000000)
  region size 1024K, 5 young (5120K), 5 survivors (5120K)
 Metaspace       used 77213K, committed 77824K, reserved 1179648K
  class space    used 10929K, committed 11200K, reserved 1048576K
}
Event: 23.039 GC heap before
{Heap before GC invocations=27 (full 0):
 garbage-first heap   total 154624K, used 123699K [0x0000000080000000, 0x0000000100000000)
  region size 1024K, 59 young (60416K), 5 survivors (5120K)
 Metaspace       used 78338K, committed 79040K, reserved 1179648K
  class space    used 11070K, committed 11392K, reserved 1048576K
}
Event: 23.049 GC heap after
{Heap after GC invocations=28 (full 0):
 garbage-first heap   total 154624K, used 75205K [0x0000000080000000, 0x0000000100000000)
  region size 1024K, 7 young (7168K), 7 survivors (7168K)
 Metaspace       used 78338K, committed 79040K, reserved 1179648K
  class space    used 11070K, committed 11392K, reserved 1048576K
}
Event: 23.396 GC heap before
{Heap before GC invocations=28 (full 0):
 garbage-first heap   total 154624K, used 122309K [0x0000000080000000, 0x0000000100000000)
  region size 1024K, 54 young (55296K), 7 survivors (7168K)
 Metaspace       used 78493K, committed 79168K, reserved 1179648K
  class space    used 11071K, committed 11392K, reserved 1048576K
}
Event: 23.406 GC heap after
{Heap after GC invocations=29 (full 0):
 garbage-first heap   total 154624K, used 76901K [0x0000000080000000, 0x0000000100000000)
  region size 1024K, 5 young (5120K), 5 survivors (5120K)
 Metaspace       used 78493K, committed 79168K, reserved 1179648K
  class space    used 11071K, committed 11392K, reserved 1048576K
}
Event: 23.785 GC heap before
{Heap before GC invocations=30 (full 0):
 garbage-first heap   total 154624K, used 121957K [0x0000000080000000, 0x0000000100000000)
  region size 1024K, 50 young (51200K), 5 survivors (5120K)
 Metaspace       used 78561K, committed 79168K, reserved 1179648K
  class space    used 11072K, committed 11392K, reserved 1048576K
}
Event: 23.798 GC heap after
{Heap after GC invocations=31 (full 0):
 garbage-first heap   total 154624K, used 78377K [0x0000000080000000, 0x0000000100000000)
  region size 1024K, 4 young (4096K), 4 survivors (4096K)
 Metaspace       used 78561K, committed 79168K, reserved 1179648K
  class space    used 11072K, committed 11392K, reserved 1048576K
}
Event: 23.813 GC heap before
{Heap before GC invocations=31 (full 0):
 garbage-first heap   total 154624K, used 81449K [0x0000000080000000, 0x0000000100000000)
  region size 1024K, 7 young (7168K), 4 survivors (4096K)
 Metaspace       used 78562K, committed 79168K, reserved 1179648K
  class space    used 11072K, committed 11392K, reserved 1048576K
}
Event: 23.822 GC heap after
{Heap after GC invocations=32 (full 0):
 garbage-first heap   total 154624K, used 76848K [0x0000000080000000, 0x0000000100000000)
  region size 1024K, 1 young (1024K), 1 survivors (1024K)
 Metaspace       used 78562K, committed 79168K, reserved 1179648K
  class space    used 11072K, committed 11392K, reserved 1048576K
}
Event: 24.178 GC heap before
{Heap before GC invocations=32 (full 0):
 garbage-first heap   total 154624K, used 123952K [0x0000000080000000, 0x0000000100000000)
  region size 1024K, 48 young (49152K), 1 survivors (1024K)
 Metaspace       used 78593K, committed 79232K, reserved 1179648K
  class space    used 11074K, committed 11392K, reserved 1048576K
}
Event: 24.189 GC heap after
{Heap after GC invocations=33 (full 0):
 garbage-first heap   total 154624K, used 79842K [0x0000000080000000, 0x0000000100000000)
  region size 1024K, 4 young (4096K), 4 survivors (4096K)
 Metaspace       used 78593K, committed 79232K, reserved 1179648K
  class space    used 11074K, committed 11392K, reserved 1048576K
}
Event: 25.434 GC heap before
{Heap before GC invocations=34 (full 0):
 garbage-first heap   total 154624K, used 132066K [0x0000000080000000, 0x0000000100000000)
  region size 1024K, 48 young (49152K), 4 survivors (4096K)
 Metaspace       used 79546K, committed 80256K, reserved 1179648K
  class space    used 11192K, committed 11520K, reserved 1048576K
}
Event: 25.445 GC heap after
{Heap after GC invocations=35 (full 0):
 garbage-first heap   total 154624K, used 93069K [0x0000000080000000, 0x0000000100000000)
  region size 1024K, 6 young (6144K), 6 survivors (6144K)
 Metaspace       used 79546K, committed 80256K, reserved 1179648K
  class space    used 11192K, committed 11520K, reserved 1048576K
}
Event: 25.452 GC heap before
{Heap before GC invocations=35 (full 0):
 garbage-first heap   total 154624K, used 93069K [0x0000000080000000, 0x0000000100000000)
  region size 1024K, 7 young (7168K), 6 survivors (6144K)
 Metaspace       used 79546K, committed 80256K, reserved 1179648K
  class space    used 11192K, committed 11520K, reserved 1048576K
}
Event: 25.459 GC heap after
{Heap after GC invocations=36 (full 0):
 garbage-first heap   total 154624K, used 92540K [0x0000000080000000, 0x0000000100000000)
  region size 1024K, 1 young (1024K), 1 survivors (1024K)
 Metaspace       used 79546K, committed 80256K, reserved 1179648K
  class space    used 11192K, committed 11520K, reserved 1048576K
}
Event: 26.081 GC heap before
{Heap before GC invocations=36 (full 0):
 garbage-first heap   total 154624K, used 125308K [0x0000000080000000, 0x0000000100000000)
  region size 1024K, 31 young (31744K), 1 survivors (1024K)
 Metaspace       used 81088K, committed 81792K, reserved 1179648K
  class space    used 11409K, committed 11776K, reserved 1048576K
}

