# JRE version: OpenJDK Runtime Environment (17.0.9) (build 17.0.9+0--11185874)
# Java VM: OpenJDK 64-Bit Server VM (17.0.9+0--11185874, mixed mode, tiered, compressed oops, compressed class ptrs, g1 gc, windows-amd64)
GC Precious Log:
 CPUs: 12 total, 12 available
 Memory: 7896M
 Large Page Support: Disabled
 NUMA Support: Disabled
 Compressed Oops: Enabled (32-bit)
 Heap Region Size: 1M
 Heap Min Capacity: 8M
 Heap Initial Capacity: 124M
 Heap Max Capacity: 2G
 Pre-touch: Disabled
 Parallel Workers: 10
 Concurrent Workers: 3
 Concurrent Refinement Workers: 10
 Periodic GC: Disabled
Heap:
 garbage-first heap   total 286720K, used 110388K [0x0000000080000000, 0x0000000100000000)
  region size 1024K, 7 young (7168K), 2 survivors (2048K)
 Metaspace       used 94650K, committed 95296K, reserved 1179648K
  class space    used 13145K, committed 13440K, reserved 1048576K
GC Heap History (20 events):
Event: 17.101 GC heap before
{Heap before GC invocations=27 (full 0):
 garbage-first heap   total 175104K, used 138577K [0x0000000080000000, 0x0000000100000000)
  region size 1024K, 78 young (79872K), 7 survivors (7168K)
 Metaspace       used 77931K, committed 78528K, reserved 1179648K
  class space    used 11035K, committed 11328K, reserved 1048576K
}
Event: 17.114 GC heap after
{Heap after GC invocations=28 (full 0):
 garbage-first heap   total 175104K, used 71262K [0x0000000080000000, 0x0000000100000000)
  region size 1024K, 8 young (8192K), 8 survivors (8192K)
 Metaspace       used 77931K, committed 78528K, reserved 1179648K
  class space    used 11035K, committed 11328K, reserved 1048576K
}
Event: 17.820 GC heap before
{Heap before GC invocations=28 (full 0):
 garbage-first heap   total 175104K, used 137822K [0x0000000080000000, 0x0000000100000000)
  region size 1024K, 73 young (74752K), 8 survivors (8192K)
 Metaspace       used 78550K, committed 79168K, reserved 1179648K
  class space    used 11057K, committed 11392K, reserved 1048576K
}
Event: 17.828 GC heap after
{Heap after GC invocations=29 (full 0):
 garbage-first heap   total 175104K, used 75227K [0x0000000080000000, 0x0000000100000000)
  region size 1024K, 7 young (7168K), 7 survivors (7168K)
 Metaspace       used 78550K, committed 79168K, reserved 1179648K
  class space    used 11057K, committed 11392K, reserved 1048576K
}
Event: 18.073 GC heap before
{Heap before GC invocations=29 (full 0):
 garbage-first heap   total 175104K, used 136667K [0x0000000080000000, 0x0000000100000000)
  region size 1024K, 68 young (69632K), 7 survivors (7168K)
 Metaspace       used 78631K, committed 79296K, reserved 1179648K
  class space    used 11058K, committed 11392K, reserved 1048576K
}
Event: 18.080 GC heap after
{Heap after GC invocations=30 (full 0):
 garbage-first heap   total 175104K, used 76886K [0x0000000080000000, 0x0000000100000000)
  region size 1024K, 5 young (5120K), 5 survivors (5120K)
 Metaspace       used 78631K, committed 79296K, reserved 1179648K
  class space    used 11058K, committed 11392K, reserved 1048576K
}
Event: 18.430 GC heap before
{Heap before GC invocations=30 (full 0):
 garbage-first heap   total 175104K, used 138326K [0x0000000080000000, 0x0000000100000000)
  region size 1024K, 66 young (67584K), 5 survivors (5120K)
 Metaspace       used 79195K, committed 79872K, reserved 1179648K
  class space    used 11132K, committed 11456K, reserved 1048576K
}
Event: 18.443 GC heap after
{Heap after GC invocations=31 (full 0):
 garbage-first heap   total 175104K, used 79064K [0x0000000080000000, 0x0000000100000000)
  region size 1024K, 7 young (7168K), 7 survivors (7168K)
 Metaspace       used 79195K, committed 79872K, reserved 1179648K
  class space    used 11132K, committed 11456K, reserved 1048576K
}
Event: 18.657 GC heap before
{Heap before GC invocations=31 (full 0):
 garbage-first heap   total 175104K, used 92376K [0x0000000080000000, 0x0000000100000000)
  region size 1024K, 15 young (15360K), 7 survivors (7168K)
 Metaspace       used 79456K, committed 80128K, reserved 1179648K
  class space    used 11160K, committed 11520K, reserved 1048576K
}
Event: 18.665 GC heap after
{Heap after GC invocations=32 (full 0):
 garbage-first heap   total 175104K, used 90260K [0x0000000080000000, 0x0000000100000000)
  region size 1024K, 6 young (6144K), 6 survivors (6144K)
 Metaspace       used 79456K, committed 80128K, reserved 1179648K
  class space    used 11160K, committed 11520K, reserved 1048576K
}
Event: 19.736 GC heap before
{Heap before GC invocations=33 (full 0):
 garbage-first heap   total 175104K, used 143508K [0x0000000080000000, 0x0000000100000000)
  region size 1024K, 54 young (55296K), 6 survivors (6144K)
 Metaspace       used 82401K, committed 83136K, reserved 1179648K
  class space    used 11555K, committed 11904K, reserved 1048576K
}
Event: 19.744 GC heap after
{Heap after GC invocations=34 (full 0):
 garbage-first heap   total 175104K, used 99651K [0x0000000080000000, 0x0000000100000000)
  region size 1024K, 6 young (6144K), 6 survivors (6144K)
 Metaspace       used 82401K, committed 83136K, reserved 1179648K
  class space    used 11555K, committed 11904K, reserved 1048576K
}
Event: 19.793 GC heap before
{Heap before GC invocations=34 (full 0):
 garbage-first heap   total 175104K, used 100675K [0x0000000080000000, 0x0000000100000000)
  region size 1024K, 8 young (8192K), 6 survivors (6144K)
 Metaspace       used 82580K, committed 83264K, reserved 1179648K
  class space    used 11578K, committed 11904K, reserved 1048576K
}
Event: 19.802 GC heap after
{Heap after GC invocations=35 (full 0):
 garbage-first heap   total 175104K, used 98246K [0x0000000080000000, 0x0000000100000000)
  region size 1024K, 1 young (1024K), 1 survivors (1024K)
 Metaspace       used 82580K, committed 83264K, reserved 1179648K
  class space    used 11578K, committed 11904K, reserved 1048576K
}
Event: 20.510 GC heap before
{Heap before GC invocations=35 (full 0):
 garbage-first heap   total 175104K, used 144326K [0x0000000080000000, 0x0000000100000000)
  region size 1024K, 42 young (43008K), 1 survivors (1024K)
 Metaspace       used 86751K, committed 87424K, reserved 1179648K
  class space    used 12033K, committed 12352K, reserved 1048576K
}
Event: 20.516 GC heap after
{Heap after GC invocations=36 (full 0):
 garbage-first heap   total 286720K, used 106255K [0x0000000080000000, 0x0000000100000000)
  region size 1024K, 6 young (6144K), 6 survivors (6144K)
 Metaspace       used 86751K, committed 87424K, reserved 1179648K
  class space    used 12033K, committed 12352K, reserved 1048576K
}
Event: 22.264 GC heap before
{Heap before GC invocations=37 (full 0):
 garbage-first heap   total 286720K, used 206607K [0x0000000080000000, 0x0000000100000000)
  region size 1024K, 103 young (105472K), 6 survivors (6144K)
 Metaspace       used 94035K, committed 94720K, reserved 1179648K
  class space    used 13038K, committed 13376K, reserved 1048576K
}
Event: 22.278 GC heap after
{Heap after GC invocations=38 (full 0):
 garbage-first heap   total 286720K, used 107172K [0x0000000080000000, 0x0000000100000000)
  region size 1024K, 9 young (9216K), 9 survivors (9216K)
 Metaspace       used 94035K, committed 94720K, reserved 1179648K
  class space    used 13038K, committed 13376K, reserved 1048576K
}
Event: 22.439 GC heap before
{Heap before GC invocations=38 (full 0):
 garbage-first heap   total 286720K, used 112292K [0x0000000080000000, 0x0000000100000000)
  region size 1024K, 14 young (14336K), 9 survivors (9216K)
 Metaspace       used 94323K, committed 95040K, reserved 1179648K
  class space    used 13083K, committed 13440K, reserved 1048576K
}
Event: 22.446 GC heap after
{Heap after GC invocations=39 (full 0):
 garbage-first heap   total 286720K, used 106292K [0x0000000080000000, 0x0000000100000000)
  region size 1024K, 2 young (2048K), 2 survivors (2048K)
 Metaspace       used 94323K, committed 95040K, reserved 1179648K
  class space    used 13083K, committed 13440K, reserved 1048576K
}

