# JRE version: OpenJDK Runtime Environment (17.0.9) (build 17.0.9+0--11185874)
# Java VM: OpenJDK 64-Bit Server VM (17.0.9+0--11185874, mixed mode, tiered, compressed oops, compressed class ptrs, g1 gc, windows-amd64)
GC Precious Log:
 CPUs: 12 total, 12 available
 Memory: 7896M
 Large Page Support: Disabled
 NUMA Support: Disabled
 Compressed Oops: Enabled (Zero based)
 Heap Region Size: 4M
 Heap Min Capacity: 8M
 Heap Initial Capacity: 124M
 Heap Max Capacity: 8G
 Pre-touch: Disabled
 Parallel Workers: 10
 Concurrent Workers: 3
 Concurrent Refinement Workers: 10
 Periodic GC: Disabled
Heap:
 garbage-first heap   total 1474560K, used 983973K [0x0000000600000000, 0x0000000800000000)
  region size 4096K, 180 young (737280K), 2 survivors (8192K)
 Metaspace       used 224316K, committed 225536K, reserved 1245184K
  class space    used 30343K, committed 30912K, reserved 1048576K
GC Heap History (20 events):
Event: 274.223 GC heap before
{Heap before GC invocations=89 (full 0):
 garbage-first heap   total 540672K, used 428129K [0x0000000600000000, 0x0000000800000000)
  region size 4096K, 34 young (139264K), 5 survivors (20480K)
 Metaspace       used 214214K, committed 215424K, reserved 1245184K
  class space    used 28836K, committed 29440K, reserved 1048576K
}
Event: 274.265 GC heap after
{Heap after GC invocations=90 (full 0):
 garbage-first heap   total 540672K, used 328656K [0x0000000600000000, 0x0000000800000000)
  region size 4096K, 4 young (16384K), 4 survivors (16384K)
 Metaspace       used 214214K, committed 215424K, reserved 1245184K
  class space    used 28836K, committed 29440K, reserved 1048576K
}
Event: 276.091 GC heap before
{Heap before GC invocations=91 (full 0):
 garbage-first heap   total 540672K, used 381904K [0x0000000600000000, 0x0000000800000000)
  region size 4096K, 30 young (122880K), 4 survivors (16384K)
 Metaspace       used 220053K, committed 221312K, reserved 1245184K
  class space    used 29984K, committed 30592K, reserved 1048576K
}
Event: 276.112 GC heap after
{Heap after GC invocations=92 (full 0):
 garbage-first heap   total 540672K, used 279574K [0x0000000600000000, 0x0000000800000000)
  region size 4096K, 2 young (8192K), 2 survivors (8192K)
 Metaspace       used 220053K, committed 221312K, reserved 1245184K
  class space    used 29984K, committed 30592K, reserved 1048576K
}
Event: 276.362 GC heap before
{Heap before GC invocations=92 (full 0):
 garbage-first heap   total 540672K, used 295958K [0x0000000600000000, 0x0000000800000000)
  region size 4096K, 6 young (24576K), 2 survivors (8192K)
 Metaspace       used 220378K, committed 221632K, reserved 1245184K
  class space    used 30032K, committed 30656K, reserved 1048576K
}
Event: 276.384 GC heap after
{Heap after GC invocations=93 (full 0):
 garbage-first heap   total 540672K, used 273107K [0x0000000600000000, 0x0000000800000000)
  region size 4096K, 1 young (4096K), 1 survivors (4096K)
 Metaspace       used 220378K, committed 221632K, reserved 1245184K
  class space    used 30032K, committed 30656K, reserved 1048576K
}
Event: 277.370 GC heap before
{Heap before GC invocations=93 (full 0):
 garbage-first heap   total 540672K, used 424659K [0x0000000600000000, 0x0000000800000000)
  region size 4096K, 39 young (159744K), 1 survivors (4096K)
 Metaspace       used 221477K, committed 222720K, reserved 1245184K
  class space    used 30145K, committed 30720K, reserved 1048576K
}
Event: 277.381 GC heap after
{Heap after GC invocations=94 (full 0):
 garbage-first heap   total 540672K, used 277744K [0x0000000600000000, 0x0000000800000000)
  region size 4096K, 2 young (8192K), 2 survivors (8192K)
 Metaspace       used 221477K, committed 222720K, reserved 1245184K
  class space    used 30145K, committed 30720K, reserved 1048576K
}
Event: 278.258 GC heap before
{Heap before GC invocations=94 (full 0):
 garbage-first heap   total 540672K, used 441584K [0x0000000600000000, 0x0000000800000000)
  region size 4096K, 42 young (172032K), 2 survivors (8192K)
 Metaspace       used 222309K, committed 223552K, reserved 1245184K
  class space    used 30274K, committed 30848K, reserved 1048576K
}
Event: 278.275 GC heap after
{Heap after GC invocations=95 (full 0):
 garbage-first heap   total 696320K, used 280195K [0x0000000600000000, 0x0000000800000000)
  region size 4096K, 3 young (12288K), 3 survivors (12288K)
 Metaspace       used 222309K, committed 223552K, reserved 1245184K
  class space    used 30274K, committed 30848K, reserved 1048576K
}
Event: 280.089 GC heap before
{Heap before GC invocations=95 (full 0):
 garbage-first heap   total 696320K, used 583299K [0x0000000600000000, 0x0000000800000000)
  region size 4096K, 77 young (315392K), 3 survivors (12288K)
 Metaspace       used 222998K, committed 224320K, reserved 1245184K
  class space    used 30308K, committed 30912K, reserved 1048576K
}
Event: 280.113 GC heap after
{Heap after GC invocations=96 (full 0):
 garbage-first heap   total 696320K, used 293058K [0x0000000600000000, 0x0000000800000000)
  region size 4096K, 6 young (24576K), 6 survivors (24576K)
 Metaspace       used 222998K, committed 224320K, reserved 1245184K
  class space    used 30308K, committed 30912K, reserved 1048576K
}
Event: 281.327 GC heap before
{Heap before GC invocations=96 (full 0):
 garbage-first heap   total 696320K, used 555202K [0x0000000600000000, 0x0000000800000000)
  region size 4096K, 71 young (290816K), 6 survivors (24576K)
 Metaspace       used 223538K, committed 224832K, reserved 1245184K
  class space    used 30322K, committed 30912K, reserved 1048576K
}
Event: 281.352 GC heap after
{Heap after GC invocations=97 (full 0):
 garbage-first heap   total 696320K, used 299106K [0x0000000600000000, 0x0000000800000000)
  region size 4096K, 6 young (24576K), 6 survivors (24576K)
 Metaspace       used 223538K, committed 224832K, reserved 1245184K
  class space    used 30322K, committed 30912K, reserved 1048576K
}
Event: 283.032 GC heap before
{Heap before GC invocations=98 (full 0):
 garbage-first heap   total 696320K, used 528482K [0x0000000600000000, 0x0000000800000000)
  region size 4096K, 73 young (299008K), 6 survivors (24576K)
 Metaspace       used 223868K, committed 225088K, reserved 1245184K
  class space    used 30328K, committed 30912K, reserved 1048576K
}
Event: 283.060 GC heap after
{Heap after GC invocations=99 (full 0):
 garbage-first heap   total 696320K, used 260522K [0x0000000600000000, 0x0000000800000000)
  region size 4096K, 6 young (24576K), 6 survivors (24576K)
 Metaspace       used 223868K, committed 225088K, reserved 1245184K
  class space    used 30328K, committed 30912K, reserved 1048576K
}
Event: 283.092 GC heap before
{Heap before GC invocations=99 (full 0):
 garbage-first heap   total 696320K, used 268714K [0x0000000600000000, 0x0000000800000000)
  region size 4096K, 8 young (32768K), 6 survivors (24576K)
 Metaspace       used 223877K, committed 225088K, reserved 1245184K
  class space    used 30328K, committed 30912K, reserved 1048576K
}
Event: 283.127 GC heap after
{Heap after GC invocations=100 (full 0):
 garbage-first heap   total 696320K, used 258249K [0x0000000600000000, 0x0000000800000000)
  region size 4096K, 1 young (4096K), 1 survivors (4096K)
 Metaspace       used 223877K, committed 225088K, reserved 1245184K
  class space    used 30328K, committed 30912K, reserved 1048576K
}
Event: 285.204 GC heap before
{Heap before GC invocations=100 (full 0):
 garbage-first heap   total 696320K, used 581833K [0x0000000600000000, 0x0000000800000000)
  region size 4096K, 80 young (327680K), 1 survivors (4096K)
 Metaspace       used 224067K, committed 225280K, reserved 1245184K
  class space    used 30335K, committed 30912K, reserved 1048576K
}
Event: 285.227 GC heap after
{Heap after GC invocations=101 (full 0):
 garbage-first heap   total 1474560K, used 258981K [0x0000000600000000, 0x0000000800000000)
  region size 4096K, 2 young (8192K), 2 survivors (8192K)
 Metaspace       used 224067K, committed 225280K, reserved 1245184K
  class space    used 30335K, committed 30912K, reserved 1048576K
}

