# JRE version: OpenJDK Runtime Environment (17.0.9) (build 17.0.9+0--11185874)
# Java VM: OpenJDK 64-Bit Server VM (17.0.9+0--11185874, mixed mode, tiered, compressed oops, compressed class ptrs, g1 gc, windows-amd64)
GC Precious Log:
 CPUs: 12 total, 12 available
 Memory: 7896M
 Large Page Support: Disabled
 NUMA Support: Disabled
 Compressed Oops: Enabled (32-bit)
 Heap Region Size: 1M
 Heap Min Capacity: 8M
 Heap Initial Capacity: 124M
 Heap Max Capacity: 2G
 Pre-touch: Disabled
 Parallel Workers: 10
 Concurrent Workers: 3
 Concurrent Refinement Workers: 10
 Periodic GC: Disabled
Heap:
 garbage-first heap   total 370688K, used 239066K [0x0000000080000000, 0x0000000100000000)
  region size 1024K, 48 young (49152K), 1 survivors (1024K)
 Metaspace       used 138222K, committed 139520K, reserved 1179648K
  class space    used 19190K, committed 19776K, reserved 1048576K
GC Heap History (20 events):
Event: 35.656 GC heap before
{Heap before GC invocations=45 (full 0):
 garbage-first heap   total 294912K, used 240051K [0x0000000080000000, 0x0000000100000000)
  region size 1024K, 75 young (76800K), 10 survivors (10240K)
 Metaspace       used 124901K, committed 126016K, reserved 1179648K
  class space    used 17405K, committed 17920K, reserved 1048576K
}
Event: 35.669 GC heap after
{Heap after GC invocations=46 (full 0):
 garbage-first heap   total 294912K, used 181640K [0x0000000080000000, 0x0000000100000000)
  region size 1024K, 8 young (8192K), 8 survivors (8192K)
 Metaspace       used 124901K, committed 126016K, reserved 1179648K
  class space    used 17405K, committed 17920K, reserved 1048576K
}
Event: 36.247 GC heap before
{Heap before GC invocations=46 (full 0):
 garbage-first heap   total 294912K, used 241032K [0x0000000080000000, 0x0000000100000000)
  region size 1024K, 67 young (68608K), 8 survivors (8192K)
 Metaspace       used 124991K, committed 126080K, reserved 1179648K
  class space    used 17415K, committed 17920K, reserved 1048576K
}
Event: 36.257 GC heap after
{Heap after GC invocations=47 (full 0):
 garbage-first heap   total 294912K, used 184810K [0x0000000080000000, 0x0000000100000000)
  region size 1024K, 5 young (5120K), 5 survivors (5120K)
 Metaspace       used 124991K, committed 126080K, reserved 1179648K
  class space    used 17415K, committed 17920K, reserved 1048576K
}
Event: 37.764 GC heap before
{Heap before GC invocations=47 (full 0):
 garbage-first heap   total 294912K, used 249322K [0x0000000080000000, 0x0000000100000000)
  region size 1024K, 64 young (65536K), 5 survivors (5120K)
 Metaspace       used 127042K, committed 128128K, reserved 1179648K
  class space    used 17588K, committed 18112K, reserved 1048576K
}
Event: 37.771 GC heap after
{Heap after GC invocations=48 (full 0):
 garbage-first heap   total 294912K, used 186381K [0x0000000080000000, 0x0000000100000000)
  region size 1024K, 7 young (7168K), 7 survivors (7168K)
 Metaspace       used 127042K, committed 128128K, reserved 1179648K
  class space    used 17588K, committed 18112K, reserved 1048576K
}
Event: 38.570 GC heap before
{Heap before GC invocations=48 (full 0):
 garbage-first heap   total 294912K, used 245773K [0x0000000080000000, 0x0000000100000000)
  region size 1024K, 66 young (67584K), 7 survivors (7168K)
 Metaspace       used 127353K, committed 128512K, reserved 1179648K
  class space    used 17608K, committed 18176K, reserved 1048576K
}
Event: 38.579 GC heap after
{Heap after GC invocations=49 (full 0):
 garbage-first heap   total 294912K, used 189872K [0x0000000080000000, 0x0000000100000000)
  region size 1024K, 6 young (6144K), 6 survivors (6144K)
 Metaspace       used 127353K, committed 128512K, reserved 1179648K
  class space    used 17608K, committed 18176K, reserved 1048576K
}
Event: 39.236 GC heap before
{Heap before GC invocations=49 (full 0):
 garbage-first heap   total 294912K, used 246192K [0x0000000080000000, 0x0000000100000000)
  region size 1024K, 62 young (63488K), 6 survivors (6144K)
 Metaspace       used 127595K, committed 128768K, reserved 1179648K
  class space    used 17621K, committed 18176K, reserved 1048576K
}
Event: 39.245 GC heap after
{Heap after GC invocations=50 (full 0):
 garbage-first heap   total 294912K, used 192725K [0x0000000080000000, 0x0000000100000000)
  region size 1024K, 6 young (6144K), 6 survivors (6144K)
 Metaspace       used 127595K, committed 128768K, reserved 1179648K
  class space    used 17621K, committed 18176K, reserved 1048576K
}
Event: 40.098 GC heap before
{Heap before GC invocations=50 (full 0):
 garbage-first heap   total 294912K, used 246997K [0x0000000080000000, 0x0000000100000000)
  region size 1024K, 60 young (61440K), 6 survivors (6144K)
 Metaspace       used 129665K, committed 130880K, reserved 1179648K
  class space    used 17861K, committed 18432K, reserved 1048576K
}
Event: 40.107 GC heap after
{Heap after GC invocations=51 (full 0):
 garbage-first heap   total 294912K, used 197371K [0x0000000080000000, 0x0000000100000000)
  region size 1024K, 8 young (8192K), 8 survivors (8192K)
 Metaspace       used 129665K, committed 130880K, reserved 1179648K
  class space    used 17861K, committed 18432K, reserved 1048576K
}
Event: 40.460 GC heap before
{Heap before GC invocations=51 (full 0):
 garbage-first heap   total 294912K, used 245499K [0x0000000080000000, 0x0000000100000000)
  region size 1024K, 56 young (57344K), 8 survivors (8192K)
 Metaspace       used 130040K, committed 131200K, reserved 1179648K
  class space    used 17933K, committed 18496K, reserved 1048576K
}
Event: 40.469 GC heap after
{Heap after GC invocations=52 (full 0):
 garbage-first heap   total 294912K, used 199077K [0x0000000080000000, 0x0000000100000000)
  region size 1024K, 5 young (5120K), 5 survivors (5120K)
 Metaspace       used 130040K, committed 131200K, reserved 1179648K
  class space    used 17933K, committed 18496K, reserved 1048576K
}
Event: 40.553 GC heap before
{Heap before GC invocations=52 (full 0):
 garbage-first heap   total 294912K, used 206245K [0x0000000080000000, 0x0000000100000000)
  region size 1024K, 14 young (14336K), 5 survivors (5120K)
 Metaspace       used 130173K, committed 131328K, reserved 1179648K
  class space    used 17947K, committed 18496K, reserved 1048576K
}
Event: 40.559 GC heap after
{Heap after GC invocations=53 (full 0):
 garbage-first heap   total 294912K, used 199420K [0x0000000080000000, 0x0000000100000000)
  region size 1024K, 2 young (2048K), 2 survivors (2048K)
 Metaspace       used 130173K, committed 131328K, reserved 1179648K
  class space    used 17947K, committed 18496K, reserved 1048576K
}
Event: 42.133 GC heap before
{Heap before GC invocations=54 (full 0):
 garbage-first heap   total 370688K, used 247548K [0x0000000080000000, 0x0000000100000000)
  region size 1024K, 39 young (39936K), 2 survivors (2048K)
 Metaspace       used 131422K, committed 132672K, reserved 1179648K
  class space    used 18217K, committed 18816K, reserved 1048576K
}
Event: 42.138 GC heap after
{Heap after GC invocations=55 (full 0):
 garbage-first heap   total 370688K, used 201270K [0x0000000080000000, 0x0000000100000000)
  region size 1024K, 4 young (4096K), 4 survivors (4096K)
 Metaspace       used 131422K, committed 132672K, reserved 1179648K
  class space    used 18217K, committed 18816K, reserved 1048576K
}
Event: 42.315 GC heap before
{Heap before GC invocations=55 (full 0):
 garbage-first heap   total 370688K, used 214582K [0x0000000080000000, 0x0000000100000000)
  region size 1024K, 18 young (18432K), 4 survivors (4096K)
 Metaspace       used 132349K, committed 133568K, reserved 1179648K
  class space    used 18333K, committed 18944K, reserved 1048576K
}
Event: 42.321 GC heap after
{Heap after GC invocations=56 (full 0):
 garbage-first heap   total 370688K, used 192986K [0x0000000080000000, 0x0000000100000000)
  region size 1024K, 1 young (1024K), 1 survivors (1024K)
 Metaspace       used 132349K, committed 133568K, reserved 1179648K
  class space    used 18333K, committed 18944K, reserved 1048576K
}

